{"message":"linking with `cc` failed: exit status: 72","code":null,"level":"error","spans":[],"children":[{"message":"\"cc\" \"-arch\" \"arm64\" \"/var/folders/vd/_ygl4klj7cq01t8crn22rw7c0000gn/T/rustcHqQgzd/symbols.o\" \"/Users/andrewlevin/Desktop/rust-lang-practice/project_cargo/target/debug/deps/project_cargo-8f51b7bc7ba1f5eb.1lgr8dixnj560zta.rcgu.o\" \"/Users/andrewlevin/Desktop/rust-lang-practice/project_cargo/target/debug/deps/project_cargo-8f51b7bc7ba1f5eb.3d3vxstapkxpcl46.rcgu.o\" \"/Users/andrewlevin/Desktop/rust-lang-practice/project_cargo/target/debug/deps/project_cargo-8f51b7bc7ba1f5eb.4il4yth7rj7g2cgq.rcgu.o\" \"/Users/andrewlevin/Desktop/rust-lang-practice/project_cargo/target/debug/deps/project_cargo-8f51b7bc7ba1f5eb.580fst8biif8vbt2.rcgu.o\" \"/Users/andrewlevin/Desktop/rust-lang-practice/project_cargo/target/debug/deps/project_cargo-8f51b7bc7ba1f5eb.5fzxssm201gro15c.rcgu.o\" \"/Users/andrewlevin/Desktop/rust-lang-practice/project_cargo/target/debug/deps/project_cargo-8f51b7bc7ba1f5eb.5gnzsh0vgrx2450l.rcgu.o\" \"/Users/andrewlevin/Desktop/rust-lang-practice/project_cargo/target/debug/deps/project_cargo-8f51b7bc7ba1f5eb.kbp3f5ry8yqchb.rcgu.o\" \"/Users/andrewlevin/Desktop/rust-lang-practice/project_cargo/target/debug/deps/project_cargo-8f51b7bc7ba1f5eb.yx37cmfi211dswo.rcgu.o\" \"/Users/andrewlevin/Desktop/rust-lang-practice/project_cargo/target/debug/deps/project_cargo-8f51b7bc7ba1f5eb.4amorh2fv7ae1ukj.rcgu.o\" \"-L\" \"/Users/andrewlevin/Desktop/rust-lang-practice/project_cargo/target/debug/deps\" \"-L\" \"/opt/homebrew/Cellar/rust/1.64.0/lib/rustlib/aarch64-apple-darwin/lib\" \"/opt/homebrew/Cellar/rust/1.64.0/lib/rustlib/aarch64-apple-darwin/lib/libstd-08068d401c25d211.rlib\" \"/opt/homebrew/Cellar/rust/1.64.0/lib/rustlib/aarch64-apple-darwin/lib/libpanic_unwind-84be07e68b9d00f4.rlib\" \"/opt/homebrew/Cellar/rust/1.64.0/lib/rustlib/aarch64-apple-darwin/lib/libobject-4804c562fc61a807.rlib\" \"/opt/homebrew/Cellar/rust/1.64.0/lib/rustlib/aarch64-apple-darwin/lib/libmemchr-279301e6a5d99fea.rlib\" \"/opt/homebrew/Cellar/rust/1.64.0/lib/rustlib/aarch64-apple-darwin/lib/libaddr2line-fbfb344f09805b90.rlib\" \"/opt/homebrew/Cellar/rust/1.64.0/lib/rustlib/aarch64-apple-darwin/lib/libgimli-616191dd1d974165.rlib\" \"/opt/homebrew/Cellar/rust/1.64.0/lib/rustlib/aarch64-apple-darwin/lib/librustc_demangle-4687ef078813d96d.rlib\" \"/opt/homebrew/Cellar/rust/1.64.0/lib/rustlib/aarch64-apple-darwin/lib/libstd_detect-1386b7e41dd1fd86.rlib\" \"/opt/homebrew/Cellar/rust/1.64.0/lib/rustlib/aarch64-apple-darwin/lib/libhashbrown-26b1aa4af9d5f07a.rlib\" \"/opt/homebrew/Cellar/rust/1.64.0/lib/rustlib/aarch64-apple-darwin/lib/libminiz_oxide-8a7d5d906c81e365.rlib\" \"/opt/homebrew/Cellar/rust/1.64.0/lib/rustlib/aarch64-apple-darwin/lib/libadler-327750ded6594992.rlib\" \"/opt/homebrew/Cellar/rust/1.64.0/lib/rustlib/aarch64-apple-darwin/lib/librustc_std_workspace_alloc-b801be618a24f1bf.rlib\" \"/opt/homebrew/Cellar/rust/1.64.0/lib/rustlib/aarch64-apple-darwin/lib/libunwind-fa75ed5f72174942.rlib\" \"/opt/homebrew/Cellar/rust/1.64.0/lib/rustlib/aarch64-apple-darwin/lib/libcfg_if-adf0011e71898575.rlib\" \"/opt/homebrew/Cellar/rust/1.64.0/lib/rustlib/aarch64-apple-darwin/lib/liblibc-3d5bcaabca1cfe44.rlib\" \"/opt/homebrew/Cellar/rust/1.64.0/lib/rustlib/aarch64-apple-darwin/lib/liballoc-cd287cf1e41c0ec4.rlib\" \"/opt/homebrew/Cellar/rust/1.64.0/lib/rustlib/aarch64-apple-darwin/lib/librustc_std_workspace_core-d99e291378cbf0b8.rlib\" \"/opt/homebrew/Cellar/rust/1.64.0/lib/rustlib/aarch64-apple-darwin/lib/libcore-fcdbad0d5b23b740.rlib\" \"/opt/homebrew/Cellar/rust/1.64.0/lib/rustlib/aarch64-apple-darwin/lib/libcompiler_builtins-9ba449e7b506e8b4.rlib\" \"-lSystem\" \"-lresolv\" \"-lc\" \"-lm\" \"-liconv\" \"-L\" \"/opt/homebrew/Cellar/rust/1.64.0/lib/rustlib/aarch64-apple-darwin/lib\" \"-o\" \"/Users/andrewlevin/Desktop/rust-lang-practice/project_cargo/target/debug/deps/project_cargo-8f51b7bc7ba1f5eb\" \"-Wl,-dead_strip\" \"-nodefaultlibs\"","code":null,"level":"note","spans":[],"children":[],"rendered":null},{"message":"2022-10-28 00:47:31.629 xcodebuild[66164:433043] [MT] DVTPlugInLoading: Failed to load code for plug-in com.apple.dt.IDESimulatorAvailability (/Applications/Xcode.app/Contents/PlugIns/IDESimulatorAvailability.ideplugin), error = Error Domain=NSCocoaErrorDomain Code=3588 \"dlopen(/Applications/Xcode.app/Contents/PlugIns/IDESimulatorAvailability.ideplugin/Contents/MacOS/IDESimulatorAvailability, 0x0109): Symbol not found: _OBJC_CLASS_$_SimDiskImage\n  Referenced from: <F35B907A-87C3-3B3A-9173-DB8D4FDE164B> /Applications/Xcode.app/Contents/PlugIns/IDESimulatorAvailability.ideplugin/Contents/MacOS/IDESimulatorAvailability\n  Expected in:     <4BC5E57A-A569-3F93-8E87-BF4D01F7B15A> /Library/Developer/PrivateFrameworks/CoreSimulator.framework/Versions/A/CoreSimulator\" UserInfo={NSLocalizedFailureReason=The bundle couldn’t be loaded., NSLocalizedRecoverySuggestion=Try reinstalling the bundle., NSFilePath=/Applications/Xcode.app/Contents/PlugIns/IDESimulatorAvailability.ideplugin/Contents/MacOS/IDESimulatorAvailability, NSDebugDescription=dlopen(/Applications/Xcode.app/Contents/PlugIns/IDESimulatorAvailability.ideplugin/Contents/MacOS/IDESimulatorAvailability, 0x0109): Symbol not found: _OBJC_CLASS_$_SimDiskImage\n  Referenced from: <F35B907A-87C3-3B3A-9173-DB8D4FDE164B> /Applications/Xcode.app/Contents/PlugIns/IDESimulatorAvailability.ideplugin/Contents/MacOS/IDESimulatorAvailability\n  Expected in:     <4BC5E57A-A569-3F93-8E87-BF4D01F7B15A> /Library/Developer/PrivateFrameworks/CoreSimulator.framework/Versions/A/CoreSimulator, NSBundlePath=/Applications/Xcode.app/Contents/PlugIns/IDESimulatorAvailability.ideplugin, NSLocalizedDescription=The bundle “IDESimulatorAvailability” couldn’t be loaded.}, dyldError = dlopen(/Applications/Xcode.app/Contents/PlugIns/IDESimulatorAvailability.ideplugin/Contents/MacOS/IDESimulatorAvailability, 0x0000): Symbol not found: _OBJC_CLASS_$_SimDiskImage\n  Referenced from: <F35B907A-87C3-3B3A-9173-DB8D4FDE164B> /Applications/Xcode.app/Contents/PlugIns/IDESimulatorAvailability.ideplugin/Contents/MacOS/IDESimulatorAvailability\n  Expected in:     <4BC5E57A-A569-3F93-8E87-BF4D01F7B15A> /Library/Developer/PrivateFrameworks/CoreSimulator.framework/Versions/A/CoreSimulator\n2022-10-28 00:47:31.636 xcodebuild[66164:433043] [MT] DVTAssertions: ASSERTION FAILURE in /System/Volumes/Data/SWE/Apps/DT/BuildRoots/BuildRoot2/ActiveBuildRoot/Library/Caches/com.apple.xbs/Sources/DVTFrameworks/DVTFrameworks-21304/DVTFoundation/PlugInArchitecture/DataModel/DVTPlugIn.m:374\nDetails:  Failed to load code for plug-in com.apple.dt.IDESimulatorAvailability (/Applications/Xcode.app/Contents/PlugIns/IDESimulatorAvailability.ideplugin)\nPlease ensure Xcode packages are up-to-date — try running 'xcodebuild -runFirstLaunch'.\n\nNSBundle error: Error Domain=NSCocoaErrorDomain Code=3588 \"dlopen(/Applications/Xcode.app/Contents/PlugIns/IDESimulatorAvailability.ideplugin/Contents/MacOS/IDESimulatorAvailability, 0x0109): Symbol not found: _OBJC_CLASS_$_SimDiskImage\n  Referenced from: <F35B907A-87C3-3B3A-9173-DB8D4FDE164B> /Applications/Xcode.app/Contents/PlugIns/IDESimulatorAvailability.ideplugin/Contents/MacOS/IDESimulatorAvailability\n  Expected in:     <4BC5E57A-A569-3F93-8E87-BF4D01F7B15A> /Library/Developer/PrivateFrameworks/CoreSimulator.framework/Versions/A/CoreSimulator\" UserInfo={NSLocalizedFailureReason=The bundle couldn’t be loaded., NSLocalizedRecoverySuggestion=Try reinstalling the bundle., NSFilePath=/Applications/Xcode.app/Contents/PlugIns/IDESimulatorAvailability.ideplugin/Contents/MacOS/IDESimulatorAvailability, NSDebugDescription=dlopen(/Applications/Xcode.app/Contents/PlugIns/IDESimulatorAvailability.ideplugin/Contents/MacOS/IDESimulatorAvailability, 0x0109): Symbol not found: _OBJC_CLASS_$_SimDiskImage\n  Referenced from: <F35B907A-87C3-3B3A-9173-DB8D4FDE164B> /Applications/Xcode.app/Contents/PlugIns/IDESimulatorAvailability.ideplugin/Contents/MacOS/IDESimulatorAvailability\n  Expected in:     <4BC5E57A-A569-3F93-8E87-BF4D01F7B15A> /Library/Developer/PrivateFrameworks/CoreSimulator.framework/Versions/A/CoreSimulator, NSBundlePath=/Applications/Xcode.app/Contents/PlugIns/IDESimulatorAvailability.ideplugin, NSLocalizedDescription=The bundle “IDESimulatorAvailability” couldn’t be loaded.}\nObject:   <DVTPlugIn: 0x600003582ee0>\nMethod:   -loadAssertingOnError:error:\nThread:   <_NSMainThread: 0x6000011a4280>{number = 1, name = main}\nHints: \n\nBacktrace:\n  0   -[DVTAssertionHandler handleFailureInMethod:object:fileName:lineNumber:assertionSignature:messageFormat:arguments:] (in DVTFoundation)\n  1   _DVTAssertionHandler (in DVTFoundation)\n  2   _DVTAssertionFailureHandler (in DVTFoundation)\n  3   -[DVTPlugIn plugInManager] (in DVTFoundation)\n  4   -[DVTExtension _fireExtensionFaultAssertingOnError:error:] (in DVTFoundation)\n  5   __80-[DVTExtension _valueForKey:inParameterData:usingSchema:assertingOnError:error:]_block_invoke (in DVTFoundation)\n  6   _dispatch_client_callout (in libdispatch.dylib)\n  7   _dispatch_lane_barrier_sync_invoke_and_complete (in libdispatch.dylib)\n  8   DVTDispatchBarrierSync (in DVTFoundation)\n  9   -[DVTDispatchLock performLockedBlock:] (in DVTFoundation)\n 10   -[DVTExtension _valueForKey:inParameterData:usingSchema:assertingOnError:error:] (in DVTFoundation)\n 11   -[DVTExtension valueForKey:] (in DVTFoundation)\n 12   _IDEInitializeOnePlugInAndPrerequisites (in IDEFoundation)\n 13   _IDEInitializePlugIns (in IDEFoundation)\n 14   IDEInitialize (in IDEFoundation)\n 15   -[Xcode3CommandLineBuildTool run] (in Xcode3Core)\n 16   XcodeBuildMain (in libxcodebuildLoader.dylib)\n 17   start (in dyld)\nsh: line 1: 66166 Abort trap: 6           /Applications/Xcode.app/Contents/Developer/usr/bin/xcodebuild -sdk /Applications/Xcode.app/Contents/Developer/Platforms/MacOSX.platform/Developer/SDKs/MacOSX.sdk -find clang 2> /dev/null\ncc: error: sh -c '/Applications/Xcode.app/Contents/Developer/usr/bin/xcodebuild -sdk /Applications/Xcode.app/Contents/Developer/Platforms/MacOSX.platform/Developer/SDKs/MacOSX.sdk -find clang 2> /dev/null' failed with exit code 34304: (null) (errno=Invalid argument)\nxcode-select: Failed to locate 'clang', requesting installation of command line developer tools.\n","code":null,"level":"note","spans":[],"children":[],"rendered":null}],"rendered":"\u001b[0m\u001b[1m\u001b[38;5;9merror\u001b[0m\u001b[0m\u001b[1m: linking with `cc` failed: exit status: 72\u001b[0m\n\u001b[0m  \u001b[0m\u001b[0m\u001b[1m\u001b[38;5;12m|\u001b[0m\n\u001b[0m  \u001b[0m\u001b[0m\u001b[1m\u001b[38;5;12m= \u001b[0m\u001b[0m\u001b[1mnote\u001b[0m\u001b[0m: \"cc\" \"-arch\" \"arm64\" \"/var/folders/vd/_ygl4klj7cq01t8crn22rw7c0000gn/T/rustcHqQgzd/symbols.o\" \"/Users/andrewlevin/Desktop/rust-lang-practice/project_cargo/target/debug/deps/project_cargo-8f51b7bc7ba1f5eb.1lgr8dixnj560zta.rcgu.o\" \"/Users/andrewlevin/Desktop/rust-lang-practice/project_cargo/target/debug/deps/project_cargo-8f51b7bc7ba1f5eb.3d3vxstapkxpcl46.rcgu.o\" \"/Users/andrewlevin/Desktop/rust-lang-practice/project_cargo/target/debug/deps/project_cargo-8f51b7bc7ba1f5eb.4il4yth7rj7g2cgq.rcgu.o\" \"/Users/andrewlevin/Desktop/rust-lang-practice/project_cargo/target/debug/deps/project_cargo-8f51b7bc7ba1f5eb.580fst8biif8vbt2.rcgu.o\" \"/Users/andrewlevin/Desktop/rust-lang-practice/project_cargo/target/debug/deps/project_cargo-8f51b7bc7ba1f5eb.5fzxssm201gro15c.rcgu.o\" \"/Users/andrewlevin/Desktop/rust-lang-practice/project_cargo/target/debug/deps/project_cargo-8f51b7bc7ba1f5eb.5gnzsh0vgrx2450l.rcgu.o\" \"/Users/andrewlevin/Desktop/rust-lang-practice/project_cargo/target/debug/deps/project_cargo-8f51b7bc7ba1f5eb.kbp3f5ry8yqchb.rcgu.o\" \"/Users/andrewlevin/Desktop/rust-lang-practice/project_cargo/target/debug/deps/project_cargo-8f51b7bc7ba1f5eb.yx37cmfi211dswo.rcgu.o\" \"/Users/andrewlevin/Desktop/rust-lang-practice/project_cargo/target/debug/deps/project_cargo-8f51b7bc7ba1f5eb.4amorh2fv7ae1ukj.rcgu.o\" \"-L\" \"/Users/andrewlevin/Desktop/rust-lang-practice/project_cargo/target/debug/deps\" \"-L\" \"/opt/homebrew/Cellar/rust/1.64.0/lib/rustlib/aarch64-apple-darwin/lib\" \"/opt/homebrew/Cellar/rust/1.64.0/lib/rustlib/aarch64-apple-darwin/lib/libstd-08068d401c25d211.rlib\" \"/opt/homebrew/Cellar/rust/1.64.0/lib/rustlib/aarch64-apple-darwin/lib/libpanic_unwind-84be07e68b9d00f4.rlib\" \"/opt/homebrew/Cellar/rust/1.64.0/lib/rustlib/aarch64-apple-darwin/lib/libobject-4804c562fc61a807.rlib\" \"/opt/homebrew/Cellar/rust/1.64.0/lib/rustlib/aarch64-apple-darwin/lib/libmemchr-279301e6a5d99fea.rlib\" \"/opt/homebrew/Cellar/rust/1.64.0/lib/rustlib/aarch64-apple-darwin/lib/libaddr2line-fbfb344f09805b90.rlib\" \"/opt/homebrew/Cellar/rust/1.64.0/lib/rustlib/aarch64-apple-darwin/lib/libgimli-616191dd1d974165.rlib\" \"/opt/homebrew/Cellar/rust/1.64.0/lib/rustlib/aarch64-apple-darwin/lib/librustc_demangle-4687ef078813d96d.rlib\" \"/opt/homebrew/Cellar/rust/1.64.0/lib/rustlib/aarch64-apple-darwin/lib/libstd_detect-1386b7e41dd1fd86.rlib\" \"/opt/homebrew/Cellar/rust/1.64.0/lib/rustlib/aarch64-apple-darwin/lib/libhashbrown-26b1aa4af9d5f07a.rlib\" \"/opt/homebrew/Cellar/rust/1.64.0/lib/rustlib/aarch64-apple-darwin/lib/libminiz_oxide-8a7d5d906c81e365.rlib\" \"/opt/homebrew/Cellar/rust/1.64.0/lib/rustlib/aarch64-apple-darwin/lib/libadler-327750ded6594992.rlib\" \"/opt/homebrew/Cellar/rust/1.64.0/lib/rustlib/aarch64-apple-darwin/lib/librustc_std_workspace_alloc-b801be618a24f1bf.rlib\" \"/opt/homebrew/Cellar/rust/1.64.0/lib/rustlib/aarch64-apple-darwin/lib/libunwind-fa75ed5f72174942.rlib\" \"/opt/homebrew/Cellar/rust/1.64.0/lib/rustlib/aarch64-apple-darwin/lib/libcfg_if-adf0011e71898575.rlib\" \"/opt/homebrew/Cellar/rust/1.64.0/lib/rustlib/aarch64-apple-darwin/lib/liblibc-3d5bcaabca1cfe44.rlib\" \"/opt/homebrew/Cellar/rust/1.64.0/lib/rustlib/aarch64-apple-darwin/lib/liballoc-cd287cf1e41c0ec4.rlib\" \"/opt/homebrew/Cellar/rust/1.64.0/lib/rustlib/aarch64-apple-darwin/lib/librustc_std_workspace_core-d99e291378cbf0b8.rlib\" \"/opt/homebrew/Cellar/rust/1.64.0/lib/rustlib/aarch64-apple-darwin/lib/libcore-fcdbad0d5b23b740.rlib\" \"/opt/homebrew/Cellar/rust/1.64.0/lib/rustlib/aarch64-apple-darwin/lib/libcompiler_builtins-9ba449e7b506e8b4.rlib\" \"-lSystem\" \"-lresolv\" \"-lc\" \"-lm\" \"-liconv\" \"-L\" \"/opt/homebrew/Cellar/rust/1.64.0/lib/rustlib/aarch64-apple-darwin/lib\" \"-o\" \"/Users/andrewlevin/Desktop/rust-lang-practice/project_cargo/target/debug/deps/project_cargo-8f51b7bc7ba1f5eb\" \"-Wl,-dead_strip\" \"-nodefaultlibs\"\u001b[0m\n\u001b[0m  \u001b[0m\u001b[0m\u001b[1m\u001b[38;5;12m= \u001b[0m\u001b[0m\u001b[1mnote\u001b[0m\u001b[0m: 2022-10-28 00:47:31.629 xcodebuild[66164:433043] [MT] DVTPlugInLoading: Failed to load code for plug-in com.apple.dt.IDESimulatorAvailability (/Applications/Xcode.app/Contents/PlugIns/IDESimulatorAvailability.ideplugin), error = Error Domain=NSCocoaErrorDomain Code=3588 \"dlopen(/Applications/Xcode.app/Contents/PlugIns/IDESimulatorAvailability.ideplugin/Contents/MacOS/IDESimulatorAvailability, 0x0109): Symbol not found: _OBJC_CLASS_$_SimDiskImage\u001b[0m\n\u001b[0m            Referenced from: <F35B907A-87C3-3B3A-9173-DB8D4FDE164B> /Applications/Xcode.app/Contents/PlugIns/IDESimulatorAvailability.ideplugin/Contents/MacOS/IDESimulatorAvailability\u001b[0m\n\u001b[0m            Expected in:     <4BC5E57A-A569-3F93-8E87-BF4D01F7B15A> /Library/Developer/PrivateFrameworks/CoreSimulator.framework/Versions/A/CoreSimulator\" UserInfo={NSLocalizedFailureReason=The bundle couldn’t be loaded., NSLocalizedRecoverySuggestion=Try reinstalling the bundle., NSFilePath=/Applications/Xcode.app/Contents/PlugIns/IDESimulatorAvailability.ideplugin/Contents/MacOS/IDESimulatorAvailability, NSDebugDescription=dlopen(/Applications/Xcode.app/Contents/PlugIns/IDESimulatorAvailability.ideplugin/Contents/MacOS/IDESimulatorAvailability, 0x0109): Symbol not found: _OBJC_CLASS_$_SimDiskImage\u001b[0m\n\u001b[0m            Referenced from: <F35B907A-87C3-3B3A-9173-DB8D4FDE164B> /Applications/Xcode.app/Contents/PlugIns/IDESimulatorAvailability.ideplugin/Contents/MacOS/IDESimulatorAvailability\u001b[0m\n\u001b[0m            Expected in:     <4BC5E57A-A569-3F93-8E87-BF4D01F7B15A> /Library/Developer/PrivateFrameworks/CoreSimulator.framework/Versions/A/CoreSimulator, NSBundlePath=/Applications/Xcode.app/Contents/PlugIns/IDESimulatorAvailability.ideplugin, NSLocalizedDescription=The bundle “IDESimulatorAvailability” couldn’t be loaded.}, dyldError = dlopen(/Applications/Xcode.app/Contents/PlugIns/IDESimulatorAvailability.ideplugin/Contents/MacOS/IDESimulatorAvailability, 0x0000): Symbol not found: _OBJC_CLASS_$_SimDiskImage\u001b[0m\n\u001b[0m            Referenced from: <F35B907A-87C3-3B3A-9173-DB8D4FDE164B> /Applications/Xcode.app/Contents/PlugIns/IDESimulatorAvailability.ideplugin/Contents/MacOS/IDESimulatorAvailability\u001b[0m\n\u001b[0m            Expected in:     <4BC5E57A-A569-3F93-8E87-BF4D01F7B15A> /Library/Developer/PrivateFrameworks/CoreSimulator.framework/Versions/A/CoreSimulator\u001b[0m\n\u001b[0m          2022-10-28 00:47:31.636 xcodebuild[66164:433043] [MT] DVTAssertions: ASSERTION FAILURE in /System/Volumes/Data/SWE/Apps/DT/BuildRoots/BuildRoot2/ActiveBuildRoot/Library/Caches/com.apple.xbs/Sources/DVTFrameworks/DVTFrameworks-21304/DVTFoundation/PlugInArchitecture/DataModel/DVTPlugIn.m:374\u001b[0m\n\u001b[0m          Details:  Failed to load code for plug-in com.apple.dt.IDESimulatorAvailability (/Applications/Xcode.app/Contents/PlugIns/IDESimulatorAvailability.ideplugin)\u001b[0m\n\u001b[0m          Please ensure Xcode packages are up-to-date — try running 'xcodebuild -runFirstLaunch'.\u001b[0m\n\u001b[0m          \u001b[0m\n\u001b[0m          NSBundle error: Error Domain=NSCocoaErrorDomain Code=3588 \"dlopen(/Applications/Xcode.app/Contents/PlugIns/IDESimulatorAvailability.ideplugin/Contents/MacOS/IDESimulatorAvailability, 0x0109): Symbol not found: _OBJC_CLASS_$_SimDiskImage\u001b[0m\n\u001b[0m            Referenced from: <F35B907A-87C3-3B3A-9173-DB8D4FDE164B> /Applications/Xcode.app/Contents/PlugIns/IDESimulatorAvailability.ideplugin/Contents/MacOS/IDESimulatorAvailability\u001b[0m\n\u001b[0m            Expected in:     <4BC5E57A-A569-3F93-8E87-BF4D01F7B15A> /Library/Developer/PrivateFrameworks/CoreSimulator.framework/Versions/A/CoreSimulator\" UserInfo={NSLocalizedFailureReason=The bundle couldn’t be loaded., NSLocalizedRecoverySuggestion=Try reinstalling the bundle., NSFilePath=/Applications/Xcode.app/Contents/PlugIns/IDESimulatorAvailability.ideplugin/Contents/MacOS/IDESimulatorAvailability, NSDebugDescription=dlopen(/Applications/Xcode.app/Contents/PlugIns/IDESimulatorAvailability.ideplugin/Contents/MacOS/IDESimulatorAvailability, 0x0109): Symbol not found: _OBJC_CLASS_$_SimDiskImage\u001b[0m\n\u001b[0m            Referenced from: <F35B907A-87C3-3B3A-9173-DB8D4FDE164B> /Applications/Xcode.app/Contents/PlugIns/IDESimulatorAvailability.ideplugin/Contents/MacOS/IDESimulatorAvailability\u001b[0m\n\u001b[0m            Expected in:     <4BC5E57A-A569-3F93-8E87-BF4D01F7B15A> /Library/Developer/PrivateFrameworks/CoreSimulator.framework/Versions/A/CoreSimulator, NSBundlePath=/Applications/Xcode.app/Contents/PlugIns/IDESimulatorAvailability.ideplugin, NSLocalizedDescription=The bundle “IDESimulatorAvailability” couldn’t be loaded.}\u001b[0m\n\u001b[0m          Object:   <DVTPlugIn: 0x600003582ee0>\u001b[0m\n\u001b[0m          Method:   -loadAssertingOnError:error:\u001b[0m\n\u001b[0m          Thread:   <_NSMainThread: 0x6000011a4280>{number = 1, name = main}\u001b[0m\n\u001b[0m          Hints: \u001b[0m\n\u001b[0m          \u001b[0m\n\u001b[0m          Backtrace:\u001b[0m\n\u001b[0m            0   -[DVTAssertionHandler handleFailureInMethod:object:fileName:lineNumber:assertionSignature:messageFormat:arguments:] (in DVTFoundation)\u001b[0m\n\u001b[0m            1   _DVTAssertionHandler (in DVTFoundation)\u001b[0m\n\u001b[0m            2   _DVTAssertionFailureHandler (in DVTFoundation)\u001b[0m\n\u001b[0m            3   -[DVTPlugIn plugInManager] (in DVTFoundation)\u001b[0m\n\u001b[0m            4   -[DVTExtension _fireExtensionFaultAssertingOnError:error:] (in DVTFoundation)\u001b[0m\n\u001b[0m            5   __80-[DVTExtension _valueForKey:inParameterData:usingSchema:assertingOnError:error:]_block_invoke (in DVTFoundation)\u001b[0m\n\u001b[0m            6   _dispatch_client_callout (in libdispatch.dylib)\u001b[0m\n\u001b[0m            7   _dispatch_lane_barrier_sync_invoke_and_complete (in libdispatch.dylib)\u001b[0m\n\u001b[0m            8   DVTDispatchBarrierSync (in DVTFoundation)\u001b[0m\n\u001b[0m            9   -[DVTDispatchLock performLockedBlock:] (in DVTFoundation)\u001b[0m\n\u001b[0m           10   -[DVTExtension _valueForKey:inParameterData:usingSchema:assertingOnError:error:] (in DVTFoundation)\u001b[0m\n\u001b[0m           11   -[DVTExtension valueForKey:] (in DVTFoundation)\u001b[0m\n\u001b[0m           12   _IDEInitializeOnePlugInAndPrerequisites (in IDEFoundation)\u001b[0m\n\u001b[0m           13   _IDEInitializePlugIns (in IDEFoundation)\u001b[0m\n\u001b[0m           14   IDEInitialize (in IDEFoundation)\u001b[0m\n\u001b[0m           15   -[Xcode3CommandLineBuildTool run] (in Xcode3Core)\u001b[0m\n\u001b[0m           16   XcodeBuildMain (in libxcodebuildLoader.dylib)\u001b[0m\n\u001b[0m           17   start (in dyld)\u001b[0m\n\u001b[0m          sh: line 1: 66166 Abort trap: 6           /Applications/Xcode.app/Contents/Developer/usr/bin/xcodebuild -sdk /Applications/Xcode.app/Contents/Developer/Platforms/MacOSX.platform/Developer/SDKs/MacOSX.sdk -find clang 2> /dev/null\u001b[0m\n\u001b[0m          cc: error: sh -c '/Applications/Xcode.app/Contents/Developer/usr/bin/xcodebuild -sdk /Applications/Xcode.app/Contents/Developer/Platforms/MacOSX.platform/Developer/SDKs/MacOSX.sdk -find clang 2> /dev/null' failed with exit code 34304: (null) (errno=Invalid argument)\u001b[0m\n\u001b[0m          xcode-select: Failed to locate 'clang', requesting installation of command line developer tools.\u001b[0m\n\u001b[0m          \u001b[0m\n\n"}
{"message":"aborting due to previous error","code":null,"level":"error","spans":[],"children":[],"rendered":"\u001b[0m\u001b[1m\u001b[38;5;9merror\u001b[0m\u001b[0m\u001b[1m: aborting due to previous error\u001b[0m\n\n"}
